FILE_TYPE=LIBRARY_PARTS;
PRIMITIVE '0PTF0078P','0PTF0078P_Other';
  PIN
    '1':
      PIN_NUMBER='(1)';
      NO_LOAD_CHECK=BOTH;
      NO_IO_CHECK=BOTH;
      ALLOW_CONNECT=TRUE;
      PINUSE='UNSPEC';
    '2':
      PIN_NUMBER='(2)';
      NO_LOAD_CHECK=BOTH;
      NO_IO_CHECK=BOTH;
      ALLOW_CONNECT=TRUE;
      PINUSE='UNSPEC';
  END_PIN;
  BODY
    PART_NAME='0PTF0078P';
    PHYS_DES_PREFIX='U';
    NO_LOAD_CHECK='TRUE';
    PIN_COUNT='2';
    BODY_NAME='0PTF0078P';
    JEDEC_TYPE='0PTF0078P';
  END_BODY;
END_PRIMITIVE;
END.
